<?xml version="1.0" encoding="UTF-8"?>
<coverage generated="1532893430972" clover="3.2.0">
  <project timestamp="1532893430973" name="All files">
    <metrics statements="48" coveredstatements="38" conditionals="14" coveredconditionals="10" methods="23" coveredmethods="17" elements="85" coveredelements="65" complexity="0" loc="48" ncloc="48" packages="3" files="7" classes="7">
      <package name="src">
        <metrics statements="23" coveredstatements="13" conditionals="4" coveredconditionals="0" methods="13" coveredmethods="7"/>
        <file name="App.js" path="/Users/gustavogarcia/Desktop/projetos/Udacity-MyReads/src/App.js">
          <metrics statements="16" coveredstatements="6" conditionals="4" coveredconditionals="0" methods="10" coveredmethods="4"/>
          <line num="16" count="5" type="stmt"/>
          <line num="17" count="5" type="stmt"/>
          <line num="22" count="0" type="stmt"/>
          <line num="23" count="0" type="stmt"/>
          <line num="24" count="0" type="stmt"/>
          <line num="28" count="0" type="stmt"/>
          <line num="29" count="0" type="stmt"/>
          <line num="34" count="0" type="stmt"/>
          <line num="35" count="0" type="cond" truecount="0" falsecount="2"/>
          <line num="37" count="0" type="cond" truecount="0" falsecount="2"/>
          <line num="42" count="0" type="stmt"/>
          <line num="46" count="9" type="stmt"/>
          <line num="47" count="9" type="stmt"/>
          <line num="48" count="9" type="stmt"/>
          <line num="51" count="7" type="stmt"/>
          <line num="54" count="0" type="stmt"/>
        </file>
        <file name="setupTests.js" path="/Users/gustavogarcia/Desktop/projetos/Udacity-MyReads/src/setupTests.js">
          <metrics statements="7" coveredstatements="7" conditionals="0" coveredconditionals="0" methods="3" coveredmethods="3"/>
          <line num="4" count="6" type="stmt"/>
          <line num="6" count="6" type="stmt"/>
          <line num="7" count="5" type="stmt"/>
          <line num="8" count="5" type="stmt"/>
          <line num="11" count="5" type="stmt"/>
          <line num="20" count="5" type="stmt"/>
          <line num="23" count="6" type="stmt"/>
        </file>
      </package>
      <package name="src.components">
        <metrics statements="24" coveredstatements="24" conditionals="8" coveredconditionals="8" methods="9" coveredmethods="9"/>
        <file name="BookItem.js" path="/Users/gustavogarcia/Desktop/projetos/Udacity-MyReads/src/components/BookItem.js">
          <metrics statements="6" coveredstatements="6" conditionals="4" coveredconditionals="4" methods="2" coveredmethods="2"/>
          <line num="5" count="5" type="stmt"/>
          <line num="6" count="29" type="stmt"/>
          <line num="7" count="29" type="stmt"/>
          <line num="11" count="29" type="stmt"/>
          <line num="22" count="1" type="cond" truecount="2" falsecount="0"/>
          <line num="38" count="5" type="stmt"/>
        </file>
        <file name="BooksList.js" path="/Users/gustavogarcia/Desktop/projetos/Udacity-MyReads/src/components/BooksList.js">
          <metrics statements="5" coveredstatements="5" conditionals="0" coveredconditionals="0" methods="2" coveredmethods="2"/>
          <line num="7" count="2" type="stmt"/>
          <line num="8" count="9" type="stmt"/>
          <line num="14" count="9" type="stmt"/>
          <line num="22" count="27" type="stmt"/>
          <line num="33" count="2" type="stmt"/>
        </file>
        <file name="BooksSearch.js" path="/Users/gustavogarcia/Desktop/projetos/Udacity-MyReads/src/components/BooksSearch.js">
          <metrics statements="9" coveredstatements="9" conditionals="2" coveredconditionals="2" methods="3" coveredmethods="3"/>
          <line num="7" count="2" type="stmt"/>
          <line num="9" count="6" type="stmt"/>
          <line num="10" count="18" type="stmt"/>
          <line num="11" count="18" type="cond" truecount="2" falsecount="0"/>
          <line num="12" count="6" type="stmt"/>
          <line num="17" count="6" type="stmt"/>
          <line num="22" count="1" type="stmt"/>
          <line num="33" count="18" type="stmt"/>
          <line num="43" count="2" type="stmt"/>
        </file>
        <file name="BooksShelf.js" path="/Users/gustavogarcia/Desktop/projetos/Udacity-MyReads/src/components/BooksShelf.js">
          <metrics statements="4" coveredstatements="4" conditionals="2" coveredconditionals="2" methods="2" coveredmethods="2"/>
          <line num="6" count="3" type="stmt"/>
          <line num="7" count="26" type="stmt"/>
          <line num="12" count="48" type="stmt"/>
          <line num="21" count="3" type="stmt"/>
        </file>
      </package>
      <package name="src.helpers">
        <metrics statements="1" coveredstatements="1" conditionals="2" coveredconditionals="2" methods="1" coveredmethods="1"/>
        <file name="If.js" path="/Users/gustavogarcia/Desktop/projetos/Udacity-MyReads/src/helpers/If.js">
          <metrics statements="1" coveredstatements="1" conditionals="2" coveredconditionals="2" methods="1" coveredmethods="1"/>
          <line num="1" count="75" type="cond" truecount="2" falsecount="0"/>
        </file>
      </package>
    </metrics>
  </project>
</coverage>
