<?xml version="1.0" encoding="UTF-8"?>
<coverage generated="1531533236857" clover="3.2.0">
  <project timestamp="1531533236857" name="All files">
    <metrics statements="75" coveredstatements="26" conditionals="24" coveredconditionals="3" methods="35" coveredmethods="10" elements="134" coveredelements="39" complexity="0" loc="75" ncloc="75" packages="2" files="9" classes="9">
      <package name="src">
        <metrics statements="74" coveredstatements="25" conditionals="22" coveredconditionals="1" methods="34" coveredmethods="9"/>
        <file name="App.js" path="/Users/gustavogarcia/Desktop/projetos/Udacity-MyReads/src/App.js">
          <metrics statements="21" coveredstatements="0" conditionals="12" coveredconditionals="0" methods="12" coveredmethods="0"/>
          <line num="1" count="0" type="stmt"/>
          <line num="2" count="0" type="stmt"/>
          <line num="3" count="0" type="stmt"/>
          <line num="4" count="0" type="stmt"/>
          <line num="5" count="0" type="stmt"/>
          <line num="6" count="0" type="cond" truecount="0" falsecount="12"/>
          <line num="8" count="0" type="stmt"/>
          <line num="21" count="0" type="stmt"/>
          <line num="22" count="0" type="stmt"/>
          <line num="23" count="0" type="stmt"/>
          <line num="27" count="0" type="stmt"/>
          <line num="28" count="0" type="stmt"/>
          <line num="33" count="0" type="stmt"/>
          <line num="37" count="0" type="stmt"/>
          <line num="38" count="0" type="stmt"/>
          <line num="42" count="0" type="stmt"/>
          <line num="43" count="0" type="stmt"/>
          <line num="44" count="0" type="stmt"/>
          <line num="47" count="0" type="stmt"/>
          <line num="50" count="0" type="stmt"/>
          <line num="54" count="0" type="stmt"/>
        </file>
        <file name="BookItem.js" path="/Users/gustavogarcia/Desktop/projetos/Udacity-MyReads/src/BookItem.js">
          <metrics statements="7" coveredstatements="7" conditionals="0" coveredconditionals="0" methods="2" coveredmethods="2"/>
          <line num="4" count="4" type="stmt"/>
          <line num="5" count="18" type="stmt"/>
          <line num="6" count="18" type="stmt"/>
          <line num="7" count="18" type="stmt"/>
          <line num="13" count="18" type="stmt"/>
          <line num="19" count="1" type="stmt"/>
          <line num="35" count="4" type="stmt"/>
        </file>
        <file name="BooksAPI.js" path="/Users/gustavogarcia/Desktop/projetos/Udacity-MyReads/src/BooksAPI.js">
          <metrics statements="20" coveredstatements="0" conditionals="2" coveredconditionals="0" methods="11" coveredmethods="0"/>
          <line num="1" count="0" type="stmt"/>
          <line num="4" count="0" type="stmt"/>
          <line num="5" count="0" type="cond" truecount="0" falsecount="2"/>
          <line num="6" count="0" type="stmt"/>
          <line num="8" count="0" type="stmt"/>
          <line num="13" count="0" type="stmt"/>
          <line num="14" count="0" type="stmt"/>
          <line num="15" count="0" type="stmt"/>
          <line num="16" count="0" type="stmt"/>
          <line num="18" count="0" type="stmt"/>
          <line num="19" count="0" type="stmt"/>
          <line num="20" count="0" type="stmt"/>
          <line num="21" count="0" type="stmt"/>
          <line num="23" count="0" type="stmt"/>
          <line num="24" count="0" type="stmt"/>
          <line num="31" count="0" type="stmt"/>
          <line num="33" count="0" type="stmt"/>
          <line num="34" count="0" type="stmt"/>
          <line num="41" count="0" type="stmt"/>
          <line num="42" count="0" type="stmt"/>
        </file>
        <file name="BooksList.js" path="/Users/gustavogarcia/Desktop/projetos/Udacity-MyReads/src/BooksList.js">
          <metrics statements="5" coveredstatements="5" conditionals="0" coveredconditionals="0" methods="2" coveredmethods="2"/>
          <line num="9" count="2" type="stmt"/>
          <line num="15" count="2" type="stmt"/>
          <line num="17" count="2" type="stmt"/>
          <line num="25" count="6" type="stmt"/>
          <line num="37" count="1" type="stmt"/>
        </file>
        <file name="BooksSearch.js" path="/Users/gustavogarcia/Desktop/projetos/Udacity-MyReads/src/BooksSearch.js">
          <metrics statements="9" coveredstatements="7" conditionals="4" coveredconditionals="1" methods="4" coveredmethods="3"/>
          <line num="10" count="5" type="stmt"/>
          <line num="13" count="5" type="cond" truecount="1" falsecount="1"/>
          <line num="14" count="0" type="stmt"/>
          <line num="15" count="0" type="cond" truecount="0" falsecount="2"/>
          <line num="17" count="5" type="stmt"/>
          <line num="20" count="5" type="stmt"/>
          <line num="25" count="1" type="stmt"/>
          <line num="37" count="15" type="stmt"/>
          <line num="47" count="1" type="stmt"/>
        </file>
        <file name="BooksShelf.js" path="/Users/gustavogarcia/Desktop/projetos/Udacity-MyReads/src/BooksShelf.js">
          <metrics statements="5" coveredstatements="5" conditionals="0" coveredconditionals="0" methods="2" coveredmethods="2"/>
          <line num="6" count="2" type="stmt"/>
          <line num="7" count="5" type="stmt"/>
          <line num="8" count="5" type="stmt"/>
          <line num="14" count="12" type="stmt"/>
          <line num="24" count="2" type="stmt"/>
        </file>
        <file name="index.js" path="/Users/gustavogarcia/Desktop/projetos/Udacity-MyReads/src/index.js">
          <metrics statements="6" coveredstatements="0" conditionals="4" coveredconditionals="0" methods="1" coveredmethods="0"/>
          <line num="1" count="0" type="stmt"/>
          <line num="2" count="0" type="stmt"/>
          <line num="3" count="0" type="stmt"/>
          <line num="4" count="0" type="stmt"/>
          <line num="5" count="0" type="cond" truecount="0" falsecount="4"/>
          <line num="7" count="0" type="stmt"/>
        </file>
        <file name="setupTests.js" path="/Users/gustavogarcia/Desktop/projetos/Udacity-MyReads/src/setupTests.js">
          <metrics statements="1" coveredstatements="1" conditionals="0" coveredconditionals="0" methods="0" coveredmethods="0"/>
          <line num="4" count="5" type="stmt"/>
        </file>
      </package>
      <package name="src.helpers">
        <metrics statements="1" coveredstatements="1" conditionals="2" coveredconditionals="2" methods="1" coveredmethods="1"/>
        <file name="If.js" path="/Users/gustavogarcia/Desktop/projetos/Udacity-MyReads/src/helpers/If.js">
          <metrics statements="1" coveredstatements="1" conditionals="2" coveredconditionals="2" methods="1" coveredmethods="1"/>
          <line num="1" count="15" type="cond" truecount="2" falsecount="0"/>
        </file>
      </package>
    </metrics>
  </project>
</coverage>
