{"/Users/gustavogarcia/Desktop/projetos/Udacity-MyReads/src/App.js": {"path":"/Users/gustavogarcia/Desktop/projetos/Udacity-MyReads/src/App.js","statementMap":{"0":{"start":{"line":16,"column":2},"end":{"line":18,"column":4}},"1":{"start":{"line":17,"column":3},"end":{"line":17,"column":27}},"2":{"start":{"line":22,"column":14},"end":{"line":22,"column":28}},"3":{"start":{"line":23,"column":18},"end":{"line":23,"column":28}},"4":{"start":{"line":24,"column":2},"end":{"line":27,"column":4}},"5":{"start":{"line":24,"column":29},"end":{"line":24,"column":51}},"6":{"start":{"line":28,"column":2},"end":{"line":28,"column":26}},"7":{"start":{"line":29,"column":2},"end":{"line":29,"column":39}},"8":{"start":{"line":34,"column":2},"end":{"line":34,"column":26}},"9":{"start":{"line":35,"column":2},"end":{"line":38,"column":5}},"10":{"start":{"line":37,"column":4},"end":{"line":37,"column":108}},"11":{"start":{"line":42,"column":2},"end":{"line":42,"column":22}},"12":{"start":{"line":46,"column":58},"end":{"line":46,"column":62}},"13":{"start":{"line":47,"column":42},"end":{"line":47,"column":47}},"14":{"start":{"line":48,"column":2},"end":{"line":57,"column":3}},"15":{"start":{"line":51,"column":5},"end":{"line":51,"column":57}},"16":{"start":{"line":54,"column":5},"end":{"line":54,"column":153}}},"fnMap":{"0":{"name":"(anonymous_0)","decl":{"start":{"line":15,"column":1},"end":{"line":15,"column":2}},"loc":{"start":{"line":15,"column":21},"end":{"line":19,"column":2}},"line":15},"1":{"name":"(anonymous_1)","decl":{"start":{"line":16,"column":32},"end":{"line":16,"column":33}},"loc":{"start":{"line":16,"column":43},"end":{"line":18,"column":3}},"line":16},"2":{"name":"(anonymous_2)","decl":{"start":{"line":21,"column":15},"end":{"line":21,"column":16}},"loc":{"start":{"line":21,"column":28},"end":{"line":31,"column":2}},"line":21},"3":{"name":"(anonymous_3)","decl":{"start":{"line":24,"column":24},"end":{"line":24,"column":25}},"loc":{"start":{"line":24,"column":29},"end":{"line":24,"column":51}},"line":24},"4":{"name":"(anonymous_4)","decl":{"start":{"line":33,"column":15},"end":{"line":33,"column":16}},"loc":{"start":{"line":33,"column":26},"end":{"line":39,"column":2}},"line":33},"5":{"name":"(anonymous_5)","decl":{"start":{"line":36,"column":31},"end":{"line":36,"column":32}},"loc":{"start":{"line":36,"column":50},"end":{"line":38,"column":4}},"line":36},"6":{"name":"(anonymous_6)","decl":{"start":{"line":41,"column":14},"end":{"line":41,"column":15}},"loc":{"start":{"line":41,"column":20},"end":{"line":43,"column":2}},"line":41},"7":{"name":"(anonymous_7)","decl":{"start":{"line":45,"column":1},"end":{"line":45,"column":2}},"loc":{"start":{"line":45,"column":10},"end":{"line":58,"column":2}},"line":45},"8":{"name":"(anonymous_8)","decl":{"start":{"line":50,"column":34},"end":{"line":50,"column":35}},"loc":{"start":{"line":51,"column":5},"end":{"line":51,"column":57}},"line":51},"9":{"name":"(anonymous_9)","decl":{"start":{"line":53,"column":34},"end":{"line":53,"column":35}},"loc":{"start":{"line":54,"column":5},"end":{"line":54,"column":153}},"line":54}},"branchMap":{"0":{"loc":{"start":{"line":35,"column":2},"end":{"line":38,"column":5}},"type":"cond-expr","locations":[{"start":{"line":35,"column":17},"end":{"line":35,"column":53}},{"start":{"line":36,"column":3},"end":{"line":38,"column":5}}],"line":35},"1":{"loc":{"start":{"line":37,"column":4},"end":{"line":37,"column":108}},"type":"cond-expr","locations":[{"start":{"line":37,"column":37},"end":{"line":37,"column":69}},{"start":{"line":37,"column":72},"end":{"line":37,"column":108}}],"line":37}},"s":{"0":5,"1":5,"2":0,"3":0,"4":0,"5":0,"6":0,"7":0,"8":0,"9":0,"10":0,"11":0,"12":9,"13":9,"14":9,"15":7,"16":0},"f":{"0":5,"1":5,"2":0,"3":0,"4":0,"5":0,"6":0,"7":9,"8":7,"9":0},"b":{"0":[0,0],"1":[0,0]},"_coverageSchema":"332fd63041d2c1bcb487cc26dd0d5f7d97098a6c","hash":"5184f84bb0aa9be5c1eae6bbef8f4eb7f6597b39"}
,"/Users/gustavogarcia/Desktop/projetos/Udacity-MyReads/src/setupTests.js": {"path":"/Users/gustavogarcia/Desktop/projetos/Udacity-MyReads/src/setupTests.js","statementMap":{"0":{"start":{"line":4,"column":0},"end":{"line":4,"column":36}},"1":{"start":{"line":6,"column":0},"end":{"line":21,"column":3}},"2":{"start":{"line":7,"column":12},"end":{"line":18,"column":6}},"3":{"start":{"line":8,"column":8},"end":{"line":17,"column":11}},"4":{"start":{"line":11,"column":16},"end":{"line":15,"column":19}},"5":{"start":{"line":20,"column":4},"end":{"line":20,"column":13}},"6":{"start":{"line":23,"column":0},"end":{"line":27,"column":2}}},"fnMap":{"0":{"name":"(anonymous_0)","decl":{"start":{"line":6,"column":44},"end":{"line":6,"column":45}},"loc":{"start":{"line":6,"column":50},"end":{"line":21,"column":1}},"line":6},"1":{"name":"(anonymous_1)","decl":{"start":{"line":7,"column":24},"end":{"line":7,"column":25}},"loc":{"start":{"line":7,"column":45},"end":{"line":18,"column":5}},"line":7},"2":{"name":"(anonymous_2)","decl":{"start":{"line":10,"column":18},"end":{"line":10,"column":19}},"loc":{"start":{"line":10,"column":29},"end":{"line":16,"column":13}},"line":10}},"branchMap":{},"s":{"0":6,"1":6,"2":5,"3":5,"4":5,"5":5,"6":6},"f":{"0":5,"1":5,"2":5},"b":{},"_coverageSchema":"332fd63041d2c1bcb487cc26dd0d5f7d97098a6c","hash":"837a42a9808f051fa77c6c6b520c9908fbfa8b96"}
,"/Users/gustavogarcia/Desktop/projetos/Udacity-MyReads/src/components/BookItem.js": {"path":"/Users/gustavogarcia/Desktop/projetos/Udacity-MyReads/src/components/BookItem.js","statementMap":{"0":{"start":{"line":5,"column":17},"end":{"line":36,"column":1}},"1":{"start":{"line":6,"column":50},"end":{"line":6,"column":54}},"2":{"start":{"line":7,"column":18},"end":{"line":9,"column":5}},"3":{"start":{"line":11,"column":4},"end":{"line":35,"column":6}},"4":{"start":{"line":22,"column":83},"end":{"line":22,"column":103}},"5":{"start":{"line":38,"column":0},"end":{"line":41,"column":2}}},"fnMap":{"0":{"name":"(anonymous_0)","decl":{"start":{"line":5,"column":17},"end":{"line":5,"column":18}},"loc":{"start":{"line":5,"column":44},"end":{"line":36,"column":1}},"line":5},"1":{"name":"(anonymous_1)","decl":{"start":{"line":22,"column":76},"end":{"line":22,"column":77}},"loc":{"start":{"line":22,"column":83},"end":{"line":22,"column":103}},"line":22}},"branchMap":{"0":{"loc":{"start":{"line":8,"column":33},"end":{"line":8,"column":76}},"type":"cond-expr","locations":[{"start":{"line":8,"column":46},"end":{"line":8,"column":71}},{"start":{"line":8,"column":74},"end":{"line":8,"column":76}}],"line":8},"1":{"loc":{"start":{"line":22,"column":40},"end":{"line":22,"column":62}},"type":"cond-expr","locations":[{"start":{"line":22,"column":48},"end":{"line":22,"column":53}},{"start":{"line":22,"column":56},"end":{"line":22,"column":62}}],"line":22}},"s":{"0":5,"1":29,"2":29,"3":29,"4":1,"5":5},"f":{"0":29,"1":1},"b":{"0":[27,2],"1":[17,12]},"_coverageSchema":"332fd63041d2c1bcb487cc26dd0d5f7d97098a6c","hash":"41c32556d415bfb10f3212c7ad9f1dc26ce5e28f"}
,"/Users/gustavogarcia/Desktop/projetos/Udacity-MyReads/src/components/BooksList.js": {"path":"/Users/gustavogarcia/Desktop/projetos/Udacity-MyReads/src/components/BooksList.js","statementMap":{"0":{"start":{"line":7,"column":18},"end":{"line":31,"column":1}},"1":{"start":{"line":8,"column":19},"end":{"line":12,"column":5}},"2":{"start":{"line":14,"column":4},"end":{"line":30,"column":6}},"3":{"start":{"line":22,"column":24},"end":{"line":22,"column":133}},"4":{"start":{"line":33,"column":0},"end":{"line":36,"column":2}}},"fnMap":{"0":{"name":"(anonymous_0)","decl":{"start":{"line":7,"column":18},"end":{"line":7,"column":19}},"loc":{"start":{"line":7,"column":46},"end":{"line":31,"column":1}},"line":7},"1":{"name":"(anonymous_1)","decl":{"start":{"line":21,"column":32},"end":{"line":21,"column":33}},"loc":{"start":{"line":22,"column":24},"end":{"line":22,"column":133}},"line":22}},"branchMap":{},"s":{"0":2,"1":9,"2":9,"3":27,"4":2},"f":{"0":9,"1":27},"b":{},"_coverageSchema":"332fd63041d2c1bcb487cc26dd0d5f7d97098a6c","hash":"f587788b033dd3615c35266d7aa7349b8f380ed2"}
,"/Users/gustavogarcia/Desktop/projetos/Udacity-MyReads/src/components/BooksSearch.js": {"path":"/Users/gustavogarcia/Desktop/projetos/Udacity-MyReads/src/components/BooksSearch.js","statementMap":{"0":{"start":{"line":7,"column":20},"end":{"line":41,"column":1}},"1":{"start":{"line":9,"column":4},"end":{"line":15,"column":5}},"2":{"start":{"line":10,"column":8},"end":{"line":14,"column":9}},"3":{"start":{"line":11,"column":12},"end":{"line":13,"column":13}},"4":{"start":{"line":12,"column":16},"end":{"line":12,"column":47}},"5":{"start":{"line":17,"column":4},"end":{"line":40,"column":6}},"6":{"start":{"line":22,"column":110},"end":{"line":22,"column":137}},"7":{"start":{"line":33,"column":32},"end":{"line":33,"column":96}},"8":{"start":{"line":43,"column":0},"end":{"line":49,"column":2}}},"fnMap":{"0":{"name":"(anonymous_0)","decl":{"start":{"line":7,"column":20},"end":{"line":7,"column":21}},"loc":{"start":{"line":7,"column":95},"end":{"line":41,"column":1}},"line":7},"1":{"name":"(anonymous_1)","decl":{"start":{"line":22,"column":103},"end":{"line":22,"column":104}},"loc":{"start":{"line":22,"column":110},"end":{"line":22,"column":137}},"line":22},"2":{"name":"(anonymous_2)","decl":{"start":{"line":32,"column":43},"end":{"line":32,"column":44}},"loc":{"start":{"line":33,"column":32},"end":{"line":33,"column":96}},"line":33}},"branchMap":{"0":{"loc":{"start":{"line":11,"column":12},"end":{"line":13,"column":13}},"type":"if","locations":[{"start":{"line":11,"column":12},"end":{"line":13,"column":13}},{"start":{"line":11,"column":12},"end":{"line":13,"column":13}}],"line":11}},"s":{"0":2,"1":6,"2":18,"3":18,"4":6,"5":6,"6":1,"7":18,"8":2},"f":{"0":6,"1":1,"2":18},"b":{"0":[6,12]},"_coverageSchema":"332fd63041d2c1bcb487cc26dd0d5f7d97098a6c","hash":"fdc41a0d8f19c1e04a38c45d6d71438914c374f1"}
,"/Users/gustavogarcia/Desktop/projetos/Udacity-MyReads/src/components/BooksShelf.js": {"path":"/Users/gustavogarcia/Desktop/projetos/Udacity-MyReads/src/components/BooksShelf.js","statementMap":{"0":{"start":{"line":6,"column":19},"end":{"line":19,"column":1}},"1":{"start":{"line":7,"column":4},"end":{"line":18,"column":10}},"2":{"start":{"line":12,"column":20},"end":{"line":14,"column":25}},"3":{"start":{"line":21,"column":0},"end":{"line":26,"column":2}}},"fnMap":{"0":{"name":"(anonymous_0)","decl":{"start":{"line":6,"column":19},"end":{"line":6,"column":20}},"loc":{"start":{"line":7,"column":4},"end":{"line":18,"column":10}},"line":7},"1":{"name":"(anonymous_1)","decl":{"start":{"line":11,"column":36},"end":{"line":11,"column":37}},"loc":{"start":{"line":12,"column":20},"end":{"line":14,"column":25}},"line":12}},"branchMap":{"0":{"loc":{"start":{"line":11,"column":17},"end":{"line":15,"column":18}},"type":"binary-expr","locations":[{"start":{"line":11,"column":17},"end":{"line":11,"column":22}},{"start":{"line":11,"column":26},"end":{"line":15,"column":18}}],"line":11}},"s":{"0":3,"1":26,"2":48,"3":3},"f":{"0":26,"1":48},"b":{"0":[26,26]},"_coverageSchema":"332fd63041d2c1bcb487cc26dd0d5f7d97098a6c","hash":"776ab6cb373bf82538c72aa477227b72a841f05c"}
,"/Users/gustavogarcia/Desktop/projetos/Udacity-MyReads/src/helpers/If.js": {"path":"/Users/gustavogarcia/Desktop/projetos/Udacity-MyReads/src/helpers/If.js","statementMap":{"0":{"start":{"line":1,"column":11},"end":{"line":1,"column":60}},"1":{"start":{"line":1,"column":36},"end":{"line":1,"column":59}}},"fnMap":{"0":{"name":"(anonymous_0)","decl":{"start":{"line":1,"column":11},"end":{"line":1,"column":12}},"loc":{"start":{"line":1,"column":36},"end":{"line":1,"column":59}},"line":1}},"branchMap":{"0":{"loc":{"start":{"line":1,"column":36},"end":{"line":1,"column":59}},"type":"cond-expr","locations":[{"start":{"line":1,"column":43},"end":{"line":1,"column":51}},{"start":{"line":1,"column":54},"end":{"line":1,"column":59}}],"line":1}},"s":{"0":6,"1":75},"f":{"0":75},"b":{"0":[14,61]},"_coverageSchema":"332fd63041d2c1bcb487cc26dd0d5f7d97098a6c","hash":"684dcaab73f061ccb23ad12934e0c15f340638ec"}
}
