{"/Users/gustavogarcia/Desktop/projetos/Udacity-MyReads/src/App.js": {"path":"/Users/gustavogarcia/Desktop/projetos/Udacity-MyReads/src/App.js","statementMap":{"0":{"start":{"line":1,"column":13},"end":{"line":1,"column":75}},"1":{"start":{"line":1,"column":94},"end":{"line":1,"column":160}},"2":{"start":{"line":1,"column":174},"end":{"line":1,"column":190}},"3":{"start":{"line":1,"column":205},"end":{"line":1,"column":235}},"4":{"start":{"line":2,"column":22},"end":{"line":2,"column":49}},"5":{"start":{"line":3,"column":16},"end":{"line":3,"column":37}},"6":{"start":{"line":3,"column":53},"end":{"line":3,"column":87}},"7":{"start":{"line":4,"column":0},"end":{"line":4,"column":21}},"8":{"start":{"line":5,"column":19},"end":{"line":5,"column":43}},"9":{"start":{"line":5,"column":64},"end":{"line":5,"column":100}},"10":{"start":{"line":6,"column":17},"end":{"line":6,"column":39}},"11":{"start":{"line":6,"column":58},"end":{"line":6,"column":92}},"12":{"start":{"line":6,"column":132},"end":{"line":6,"column":348}},"13":{"start":{"line":6,"column":160},"end":{"line":6,"column":171}},"14":{"start":{"line":6,"column":192},"end":{"line":6,"column":194}},"15":{"start":{"line":6,"column":195},"end":{"line":6,"column":312}},"16":{"start":{"line":6,"column":213},"end":{"line":6,"column":311}},"17":{"start":{"line":6,"column":235},"end":{"line":6,"column":310}},"18":{"start":{"line":6,"column":287},"end":{"line":6,"column":310}},"19":{"start":{"line":6,"column":312},"end":{"line":6,"column":333}},"20":{"start":{"line":6,"column":333},"end":{"line":6,"column":347}},"21":{"start":{"line":6,"column":387},"end":{"line":6,"column":441}},"22":{"start":{"line":8,"column":82},"end":{"line":38,"column":11}},"23":{"start":{"line":21,"column":15},"end":{"line":21,"column":29}},"24":{"start":{"line":22,"column":11},"end":{"line":22,"column":27}},"25":{"start":{"line":23,"column":3},"end":{"line":25,"column":21}},"26":{"start":{"line":23,"column":29},"end":{"line":23,"column":51}},"27":{"start":{"line":27,"column":3},"end":{"line":27,"column":28}},"28":{"start":{"line":28,"column":3},"end":{"line":28,"column":32}},"29":{"start":{"line":33,"column":3},"end":{"line":33,"column":38}},"30":{"start":{"line":37,"column":3},"end":{"line":37,"column":32}},"31":{"start":{"line":38,"column":33},"end":{"line":38,"column":94}},"32":{"start":{"line":38,"column":66},"end":{"line":38,"column":91}},"33":{"start":{"line":42,"column":2},"end":{"line":42,"column":12}},"34":{"start":{"line":42,"column":27},"end":{"line":42,"column":39}},"35":{"start":{"line":42,"column":48},"end":{"line":42,"column":60}},"36":{"start":{"line":43,"column":16},"end":{"line":43,"column":32}},"37":{"start":{"line":43,"column":46},"end":{"line":43,"column":61}},"38":{"start":{"line":43,"column":76},"end":{"line":43,"column":92}},"39":{"start":{"line":44,"column":2},"end":{"line":50,"column":307}},"40":{"start":{"line":47,"column":5},"end":{"line":47,"column":167}},"41":{"start":{"line":50,"column":5},"end":{"line":50,"column":233}},"42":{"start":{"line":54,"column":3},"end":{"line":56,"column":9}}},"fnMap":{"0":{"name":"_interopRequireWildcard","decl":{"start":{"line":6,"column":102},"end":{"line":6,"column":125}},"loc":{"start":{"line":6,"column":131},"end":{"line":6,"column":349}},"line":6},"1":{"name":"_interopRequireDefault","decl":{"start":{"line":6,"column":358},"end":{"line":6,"column":380}},"loc":{"start":{"line":6,"column":386},"end":{"line":6,"column":442}},"line":6},"2":{"name":"(anonymous_2)","decl":{"start":{"line":8,"column":50},"end":{"line":8,"column":51}},"loc":{"start":{"line":8,"column":71},"end":{"line":38,"column":12}},"line":8},"3":{"name":"(anonymous_3)","decl":{"start":{"line":20,"column":16},"end":{"line":20,"column":17}},"loc":{"start":{"line":20,"column":29},"end":{"line":30,"column":3}},"line":20},"4":{"name":"(anonymous_4)","decl":{"start":{"line":23,"column":24},"end":{"line":23,"column":25}},"loc":{"start":{"line":23,"column":29},"end":{"line":23,"column":51}},"line":23},"5":{"name":"(anonymous_5)","decl":{"start":{"line":32,"column":16},"end":{"line":32,"column":17}},"loc":{"start":{"line":32,"column":28},"end":{"line":34,"column":3}},"line":32},"6":{"name":"(anonymous_6)","decl":{"start":{"line":36,"column":15},"end":{"line":36,"column":16}},"loc":{"start":{"line":36,"column":21},"end":{"line":38,"column":3}},"line":36},"7":{"name":"(anonymous_7)","decl":{"start":{"line":38,"column":12},"end":{"line":38,"column":13}},"loc":{"start":{"line":38,"column":32},"end":{"line":38,"column":95}},"line":38},"8":{"name":"(anonymous_8)","decl":{"start":{"line":38,"column":56},"end":{"line":38,"column":57}},"loc":{"start":{"line":38,"column":65},"end":{"line":38,"column":92}},"line":38},"9":{"name":"(anonymous_9)","decl":{"start":{"line":41,"column":1},"end":{"line":41,"column":2}},"loc":{"start":{"line":41,"column":10},"end":{"line":54,"column":2}},"line":41},"10":{"name":"(anonymous_10)","decl":{"start":{"line":46,"column":91},"end":{"line":46,"column":92}},"loc":{"start":{"line":47,"column":5},"end":{"line":47,"column":167}},"line":47},"11":{"name":"(anonymous_11)","decl":{"start":{"line":49,"column":84},"end":{"line":49,"column":85}},"loc":{"start":{"line":50,"column":5},"end":{"line":50,"column":233}},"line":50}},"branchMap":{"0":{"loc":{"start":{"line":6,"column":132},"end":{"line":6,"column":348}},"type":"if","locations":[{"start":{"line":6,"column":132},"end":{"line":6,"column":348}},{"start":{"line":6,"column":132},"end":{"line":6,"column":348}}],"line":6},"1":{"loc":{"start":{"line":6,"column":136},"end":{"line":6,"column":157}},"type":"binary-expr","locations":[{"start":{"line":6,"column":136},"end":{"line":6,"column":139}},{"start":{"line":6,"column":143},"end":{"line":6,"column":157}}],"line":6},"2":{"loc":{"start":{"line":6,"column":195},"end":{"line":6,"column":312}},"type":"if","locations":[{"start":{"line":6,"column":195},"end":{"line":6,"column":312}},{"start":{"line":6,"column":195},"end":{"line":6,"column":312}}],"line":6},"3":{"loc":{"start":{"line":6,"column":235},"end":{"line":6,"column":310}},"type":"if","locations":[{"start":{"line":6,"column":235},"end":{"line":6,"column":310}},{"start":{"line":6,"column":235},"end":{"line":6,"column":310}}],"line":6},"4":{"loc":{"start":{"line":6,"column":394},"end":{"line":6,"column":440}},"type":"cond-expr","locations":[{"start":{"line":6,"column":418},"end":{"line":6,"column":421}},{"start":{"line":6,"column":424},"end":{"line":6,"column":440}}],"line":6},"5":{"loc":{"start":{"line":6,"column":394},"end":{"line":6,"column":415}},"type":"binary-expr","locations":[{"start":{"line":6,"column":394},"end":{"line":6,"column":397}},{"start":{"line":6,"column":401},"end":{"line":6,"column":415}}],"line":6}},"s":{"0":0,"1":0,"2":0,"3":0,"4":0,"5":0,"6":0,"7":0,"8":0,"9":0,"10":0,"11":0,"12":0,"13":0,"14":0,"15":0,"16":0,"17":0,"18":0,"19":0,"20":0,"21":0,"22":0,"23":0,"24":0,"25":0,"26":0,"27":0,"28":0,"29":0,"30":0,"31":0,"32":0,"33":0,"34":0,"35":0,"36":0,"37":0,"38":0,"39":0,"40":0,"41":0,"42":0},"f":{"0":0,"1":0,"2":0,"3":0,"4":0,"5":0,"6":0,"7":0,"8":0,"9":0,"10":0,"11":0},"b":{"0":[0,0],"1":[0,0],"2":[0,0],"3":[0,0],"4":[0,0],"5":[0,0]}}
,"/Users/gustavogarcia/Desktop/projetos/Udacity-MyReads/src/BookItem.js": {"path":"/Users/gustavogarcia/Desktop/projetos/Udacity-MyReads/src/BookItem.js","statementMap":{"0":{"start":{"line":4,"column":17},"end":{"line":33,"column":1}},"1":{"start":{"line":5,"column":50},"end":{"line":5,"column":54}},"2":{"start":{"line":6,"column":31},"end":{"line":6,"column":41}},"3":{"start":{"line":7,"column":18},"end":{"line":11,"column":5}},"4":{"start":{"line":13,"column":4},"end":{"line":32,"column":5}},"5":{"start":{"line":19,"column":66},"end":{"line":19,"column":86}},"6":{"start":{"line":35,"column":0},"end":{"line":38,"column":1}}},"fnMap":{"0":{"name":"(anonymous_0)","decl":{"start":{"line":4,"column":17},"end":{"line":4,"column":18}},"loc":{"start":{"line":4,"column":44},"end":{"line":33,"column":1}},"line":4},"1":{"name":"(anonymous_1)","decl":{"start":{"line":19,"column":59},"end":{"line":19,"column":60}},"loc":{"start":{"line":19,"column":66},"end":{"line":19,"column":86}},"line":19}},"branchMap":{},"s":{"0":4,"1":18,"2":18,"3":18,"4":18,"5":1,"6":4},"f":{"0":18,"1":1},"b":{},"_coverageSchema":"332fd63041d2c1bcb487cc26dd0d5f7d97098a6c","hash":"2bfa0deac637b82d227343424f584aba20dab24e"}
,"/Users/gustavogarcia/Desktop/projetos/Udacity-MyReads/src/BooksAPI.js": {"path":"/Users/gustavogarcia/Desktop/projetos/Udacity-MyReads/src/BooksAPI.js","statementMap":{"0":{"start":{"line":1,"column":13},"end":{"line":1,"column":75}},"1":{"start":{"line":1,"column":87},"end":{"line":1,"column":126}},"2":{"start":{"line":4,"column":12},"end":{"line":4,"column":30}},"3":{"start":{"line":5,"column":0},"end":{"line":6,"column":67}},"4":{"start":{"line":6,"column":0},"end":{"line":6,"column":67}},"5":{"start":{"line":8,"column":16},"end":{"line":10,"column":26}},"6":{"start":{"line":13,"column":12},"end":{"line":16,"column":23}},"7":{"start":{"line":14,"column":0},"end":{"line":16,"column":23}},"8":{"start":{"line":15,"column":12},"end":{"line":15,"column":22}},"9":{"start":{"line":16,"column":13},"end":{"line":16,"column":22}},"10":{"start":{"line":18,"column":15},"end":{"line":21,"column":24}},"11":{"start":{"line":19,"column":0},"end":{"line":21,"column":24}},"12":{"start":{"line":20,"column":12},"end":{"line":20,"column":22}},"13":{"start":{"line":21,"column":13},"end":{"line":21,"column":23}},"14":{"start":{"line":23,"column":15},"end":{"line":31,"column":23}},"15":{"start":{"line":24,"column":0},"end":{"line":31,"column":23}},"16":{"start":{"line":31,"column":12},"end":{"line":31,"column":22}},"17":{"start":{"line":33,"column":15},"end":{"line":42,"column":24}},"18":{"start":{"line":34,"column":0},"end":{"line":42,"column":24}},"19":{"start":{"line":41,"column":12},"end":{"line":41,"column":22}},"20":{"start":{"line":42,"column":13},"end":{"line":42,"column":23}}},"fnMap":{"0":{"name":"(anonymous_0)","decl":{"start":{"line":13,"column":26},"end":{"line":13,"column":27}},"loc":{"start":{"line":14,"column":0},"end":{"line":16,"column":23}},"line":14},"1":{"name":"(anonymous_1)","decl":{"start":{"line":15,"column":5},"end":{"line":15,"column":6}},"loc":{"start":{"line":15,"column":12},"end":{"line":15,"column":22}},"line":15},"2":{"name":"(anonymous_2)","decl":{"start":{"line":16,"column":5},"end":{"line":16,"column":6}},"loc":{"start":{"line":16,"column":13},"end":{"line":16,"column":22}},"line":16},"3":{"name":"(anonymous_3)","decl":{"start":{"line":18,"column":32},"end":{"line":18,"column":33}},"loc":{"start":{"line":19,"column":0},"end":{"line":21,"column":24}},"line":19},"4":{"name":"(anonymous_4)","decl":{"start":{"line":20,"column":5},"end":{"line":20,"column":6}},"loc":{"start":{"line":20,"column":12},"end":{"line":20,"column":22}},"line":20},"5":{"name":"(anonymous_5)","decl":{"start":{"line":21,"column":5},"end":{"line":21,"column":6}},"loc":{"start":{"line":21,"column":13},"end":{"line":21,"column":23}},"line":21},"6":{"name":"(anonymous_6)","decl":{"start":{"line":23,"column":32},"end":{"line":23,"column":33}},"loc":{"start":{"line":24,"column":0},"end":{"line":31,"column":23}},"line":24},"7":{"name":"(anonymous_7)","decl":{"start":{"line":31,"column":5},"end":{"line":31,"column":6}},"loc":{"start":{"line":31,"column":12},"end":{"line":31,"column":22}},"line":31},"8":{"name":"(anonymous_8)","decl":{"start":{"line":33,"column":32},"end":{"line":33,"column":33}},"loc":{"start":{"line":34,"column":0},"end":{"line":42,"column":24}},"line":34},"9":{"name":"(anonymous_9)","decl":{"start":{"line":41,"column":5},"end":{"line":41,"column":6}},"loc":{"start":{"line":41,"column":12},"end":{"line":41,"column":22}},"line":41},"10":{"name":"(anonymous_10)","decl":{"start":{"line":42,"column":5},"end":{"line":42,"column":6}},"loc":{"start":{"line":42,"column":13},"end":{"line":42,"column":23}},"line":42}},"branchMap":{"0":{"loc":{"start":{"line":5,"column":0},"end":{"line":6,"column":67}},"type":"if","locations":[{"start":{"line":5,"column":0},"end":{"line":6,"column":67}},{"start":{"line":5,"column":0},"end":{"line":6,"column":67}}],"line":5}},"s":{"0":0,"1":0,"2":0,"3":0,"4":0,"5":0,"6":0,"7":0,"8":0,"9":0,"10":0,"11":0,"12":0,"13":0,"14":0,"15":0,"16":0,"17":0,"18":0,"19":0,"20":0},"f":{"0":0,"1":0,"2":0,"3":0,"4":0,"5":0,"6":0,"7":0,"8":0,"9":0,"10":0},"b":{"0":[0,0]}}
,"/Users/gustavogarcia/Desktop/projetos/Udacity-MyReads/src/BooksList.js": {"path":"/Users/gustavogarcia/Desktop/projetos/Udacity-MyReads/src/BooksList.js","statementMap":{"0":{"start":{"line":9,"column":23},"end":{"line":13,"column":9}},"1":{"start":{"line":15,"column":39},"end":{"line":15,"column":49}},"2":{"start":{"line":17,"column":8},"end":{"line":33,"column":9}},"3":{"start":{"line":25,"column":28},"end":{"line":25,"column":137}},"4":{"start":{"line":37,"column":0},"end":{"line":40,"column":1}}},"fnMap":{"0":{"name":"(anonymous_0)","decl":{"start":{"line":8,"column":4},"end":{"line":8,"column":5}},"loc":{"start":{"line":8,"column":13},"end":{"line":34,"column":5}},"line":8},"1":{"name":"(anonymous_1)","decl":{"start":{"line":24,"column":36},"end":{"line":24,"column":37}},"loc":{"start":{"line":25,"column":28},"end":{"line":25,"column":137}},"line":25}},"branchMap":{},"s":{"0":2,"1":2,"2":2,"3":6,"4":1},"f":{"0":2,"1":6},"b":{},"_coverageSchema":"332fd63041d2c1bcb487cc26dd0d5f7d97098a6c","hash":"328fdf8109cbfe6540675560331474dcf8a4d8d5"}
,"/Users/gustavogarcia/Desktop/projetos/Udacity-MyReads/src/BooksSearch.js": {"path":"/Users/gustavogarcia/Desktop/projetos/Udacity-MyReads/src/BooksSearch.js","statementMap":{"0":{"start":{"line":10,"column":69},"end":{"line":10,"column":79}},"1":{"start":{"line":13,"column":8},"end":{"line":18,"column":9}},"2":{"start":{"line":14,"column":26},"end":{"line":14,"column":62}},"3":{"start":{"line":15,"column":12},"end":{"line":15,"column":103}},"4":{"start":{"line":15,"column":51},"end":{"line":15,"column":102}},"5":{"start":{"line":17,"column":12},"end":{"line":17,"column":33}},"6":{"start":{"line":20,"column":8},"end":{"line":43,"column":9}},"7":{"start":{"line":25,"column":114},"end":{"line":25,"column":141}},"8":{"start":{"line":37,"column":32},"end":{"line":37,"column":99}},"9":{"start":{"line":47,"column":0},"end":{"line":53,"column":1}}},"fnMap":{"0":{"name":"(anonymous_0)","decl":{"start":{"line":9,"column":4},"end":{"line":9,"column":5}},"loc":{"start":{"line":9,"column":13},"end":{"line":44,"column":5}},"line":9},"1":{"name":"(anonymous_1)","decl":{"start":{"line":15,"column":41},"end":{"line":15,"column":42}},"loc":{"start":{"line":15,"column":51},"end":{"line":15,"column":102}},"line":15},"2":{"name":"(anonymous_2)","decl":{"start":{"line":25,"column":107},"end":{"line":25,"column":108}},"loc":{"start":{"line":25,"column":114},"end":{"line":25,"column":141}},"line":25},"3":{"name":"(anonymous_3)","decl":{"start":{"line":36,"column":43},"end":{"line":36,"column":44}},"loc":{"start":{"line":37,"column":32},"end":{"line":37,"column":99}},"line":37}},"branchMap":{"0":{"loc":{"start":{"line":13,"column":8},"end":{"line":18,"column":9}},"type":"if","locations":[{"start":{"line":13,"column":8},"end":{"line":18,"column":9}},{"start":{"line":13,"column":8},"end":{"line":18,"column":9}}],"line":13},"1":{"loc":{"start":{"line":15,"column":51},"end":{"line":15,"column":102}},"type":"binary-expr","locations":[{"start":{"line":15,"column":51},"end":{"line":15,"column":74}},{"start":{"line":15,"column":78},"end":{"line":15,"column":102}}],"line":15}},"s":{"0":5,"1":5,"2":0,"3":0,"4":0,"5":5,"6":5,"7":1,"8":15,"9":1},"f":{"0":5,"1":0,"2":1,"3":15},"b":{"0":[0,5],"1":[0,0]},"_coverageSchema":"332fd63041d2c1bcb487cc26dd0d5f7d97098a6c","hash":"78ea437c9df0b3ac6f570f778282c1bff2e2aa55"}
,"/Users/gustavogarcia/Desktop/projetos/Udacity-MyReads/src/BooksShelf.js": {"path":"/Users/gustavogarcia/Desktop/projetos/Udacity-MyReads/src/BooksShelf.js","statementMap":{"0":{"start":{"line":6,"column":19},"end":{"line":22,"column":1}},"1":{"start":{"line":7,"column":48},"end":{"line":7,"column":53}},"2":{"start":{"line":8,"column":4},"end":{"line":21,"column":5}},"3":{"start":{"line":14,"column":24},"end":{"line":16,"column":29}},"4":{"start":{"line":24,"column":0},"end":{"line":29,"column":1}}},"fnMap":{"0":{"name":"(anonymous_0)","decl":{"start":{"line":6,"column":19},"end":{"line":6,"column":20}},"loc":{"start":{"line":6,"column":28},"end":{"line":22,"column":1}},"line":6},"1":{"name":"(anonymous_1)","decl":{"start":{"line":13,"column":31},"end":{"line":13,"column":32}},"loc":{"start":{"line":14,"column":24},"end":{"line":16,"column":29}},"line":14}},"branchMap":{},"s":{"0":2,"1":5,"2":5,"3":12,"4":2},"f":{"0":5,"1":12},"b":{},"_coverageSchema":"332fd63041d2c1bcb487cc26dd0d5f7d97098a6c","hash":"f1297c5c2e1ed2a0b27476d7a9bd0aa3c1c665db"}
,"/Users/gustavogarcia/Desktop/projetos/Udacity-MyReads/src/index.js": {"path":"/Users/gustavogarcia/Desktop/projetos/Udacity-MyReads/src/index.js","statementMap":{"0":{"start":{"line":1,"column":32},"end":{"line":1,"column":100}},"1":{"start":{"line":1,"column":114},"end":{"line":1,"column":130}},"2":{"start":{"line":1,"column":145},"end":{"line":1,"column":175}},"3":{"start":{"line":2,"column":16},"end":{"line":2,"column":36}},"4":{"start":{"line":2,"column":54},"end":{"line":2,"column":87}},"5":{"start":{"line":3,"column":22},"end":{"line":3,"column":49}},"6":{"start":{"line":4,"column":11},"end":{"line":4,"column":27}},"7":{"start":{"line":4,"column":40},"end":{"line":4,"column":68}},"8":{"start":{"line":5,"column":0},"end":{"line":5,"column":23}},"9":{"start":{"line":5,"column":61},"end":{"line":5,"column":115}},"10":{"start":{"line":7,"column":0},"end":{"line":11,"column":33}}},"fnMap":{"0":{"name":"_interopRequireDefault","decl":{"start":{"line":5,"column":32},"end":{"line":5,"column":54}},"loc":{"start":{"line":5,"column":60},"end":{"line":5,"column":116}},"line":5}},"branchMap":{"0":{"loc":{"start":{"line":5,"column":68},"end":{"line":5,"column":114}},"type":"cond-expr","locations":[{"start":{"line":5,"column":92},"end":{"line":5,"column":95}},{"start":{"line":5,"column":98},"end":{"line":5,"column":114}}],"line":5},"1":{"loc":{"start":{"line":5,"column":68},"end":{"line":5,"column":89}},"type":"binary-expr","locations":[{"start":{"line":5,"column":68},"end":{"line":5,"column":71}},{"start":{"line":5,"column":75},"end":{"line":5,"column":89}}],"line":5}},"s":{"0":0,"1":0,"2":0,"3":0,"4":0,"5":0,"6":0,"7":0,"8":0,"9":0,"10":0},"f":{"0":0},"b":{"0":[0,0],"1":[0,0]}}
,"/Users/gustavogarcia/Desktop/projetos/Udacity-MyReads/src/setupTests.js": {"path":"/Users/gustavogarcia/Desktop/projetos/Udacity-MyReads/src/setupTests.js","statementMap":{"0":{"start":{"line":4,"column":0},"end":{"line":4,"column":36}}},"fnMap":{},"branchMap":{},"s":{"0":5},"f":{},"b":{},"_coverageSchema":"332fd63041d2c1bcb487cc26dd0d5f7d97098a6c","hash":"64323c13786bc06ff2f5f05f944341a86f0eff89"}
,"/Users/gustavogarcia/Desktop/projetos/Udacity-MyReads/src/helpers/If.js": {"path":"/Users/gustavogarcia/Desktop/projetos/Udacity-MyReads/src/helpers/If.js","statementMap":{"0":{"start":{"line":1,"column":11},"end":{"line":1,"column":60}},"1":{"start":{"line":1,"column":36},"end":{"line":1,"column":59}}},"fnMap":{"0":{"name":"(anonymous_0)","decl":{"start":{"line":1,"column":11},"end":{"line":1,"column":12}},"loc":{"start":{"line":1,"column":36},"end":{"line":1,"column":59}},"line":1}},"branchMap":{"0":{"loc":{"start":{"line":1,"column":36},"end":{"line":1,"column":59}},"type":"cond-expr","locations":[{"start":{"line":1,"column":43},"end":{"line":1,"column":51}},{"start":{"line":1,"column":54},"end":{"line":1,"column":59}}],"line":1}},"s":{"0":4,"1":15},"f":{"0":15},"b":{"0":[5,10]},"_coverageSchema":"332fd63041d2c1bcb487cc26dd0d5f7d97098a6c","hash":"684dcaab73f061ccb23ad12934e0c15f340638ec"}
}
