TN:
SF:/Users/gustavogarcia/Desktop/projetos/Udacity-MyReads/src/App.js
FN:15,(anonymous_0)
FN:16,(anonymous_1)
FN:21,(anonymous_2)
FN:24,(anonymous_3)
FN:33,(anonymous_4)
FN:36,(anonymous_5)
FN:41,(anonymous_6)
FN:45,(anonymous_7)
FN:50,(anonymous_8)
FN:53,(anonymous_9)
FNF:10
FNH:10
FNDA:14,(anonymous_0)
FNDA:14,(anonymous_1)
FNDA:1,(anonymous_2)
FNDA:3,(anonymous_3)
FNDA:5,(anonymous_4)
FNDA:4,(anonymous_5)
FNDA:1,(anonymous_6)
FNDA:32,(anonymous_7)
FNDA:9,(anonymous_8)
FNDA:21,(anonymous_9)
DA:16,14
DA:17,14
DA:22,1
DA:23,1
DA:24,3
DA:28,1
DA:29,1
DA:34,5
DA:35,5
DA:37,4
DA:42,1
DA:46,32
DA:47,32
DA:48,32
DA:51,9
DA:54,21
LF:16
LH:16
BRDA:35,0,0,1
BRDA:35,0,1,4
BRF:2
BRH:2
end_of_record
TN:
SF:/Users/gustavogarcia/Desktop/projetos/Udacity-MyReads/src/setupTests.js
FN:6,(anonymous_0)
FN:7,(anonymous_1)
FN:10,(anonymous_2)
FNF:3
FNH:3
FNDA:19,(anonymous_0)
FNDA:19,(anonymous_1)
FNDA:19,(anonymous_2)
DA:4,6
DA:6,6
DA:7,19
DA:8,19
DA:11,19
DA:21,6
LF:6
LH:6
BRF:0
BRH:0
end_of_record
TN:
SF:/Users/gustavogarcia/Desktop/projetos/Udacity-MyReads/src/components/BookItem.js
FN:5,(anonymous_0)
FN:22,(anonymous_1)
FNF:2
FNH:2
FNDA:42,(anonymous_0)
FNDA:2,(anonymous_1)
DA:5,5
DA:6,42
DA:7,42
DA:11,42
DA:22,2
DA:38,5
LF:6
LH:6
BRDA:8,0,0,40
BRDA:8,0,1,2
BRDA:22,1,0,26
BRDA:22,1,1,16
BRF:4
BRH:4
end_of_record
TN:
SF:/Users/gustavogarcia/Desktop/projetos/Udacity-MyReads/src/components/BooksList.js
FN:7,(anonymous_0)
FN:21,(anonymous_1)
FNF:2
FNH:2
FNDA:11,(anonymous_0)
FNDA:33,(anonymous_1)
DA:7,2
DA:8,11
DA:14,11
DA:22,33
DA:33,2
LF:5
LH:5
BRF:0
BRH:0
end_of_record
TN:
SF:/Users/gustavogarcia/Desktop/projetos/Udacity-MyReads/src/components/BooksSearch.js
FN:7,(anonymous_0)
FN:9,(anonymous_1)
FN:20,(anonymous_2)
FN:22,(anonymous_3)
FN:34,(anonymous_4)
FNF:5
FNH:5
FNDA:28,(anonymous_0)
FNDA:1,(anonymous_1)
FNDA:27,(anonymous_2)
FNDA:30,(anonymous_3)
FNDA:5,(anonymous_4)
DA:7,2
DA:9,28
DA:11,28
DA:12,27
DA:13,30
DA:14,54
DA:15,18
DA:20,27
DA:21,27
DA:23,30
DA:29,28
DA:34,5
DA:52,2
LF:13
LH:13
BRDA:11,0,0,27
BRDA:11,0,1,1
BRDA:14,1,0,18
BRDA:14,1,1,36
BRF:4
BRH:4
end_of_record
TN:
SF:/Users/gustavogarcia/Desktop/projetos/Udacity-MyReads/src/components/BooksShelf.js
FN:6,(anonymous_0)
FN:11,(anonymous_1)
FNF:2
FNH:2
FNDA:32,(anonymous_0)
FNDA:66,(anonymous_1)
DA:6,3
DA:7,32
DA:12,66
DA:21,3
LF:4
LH:4
BRDA:11,0,0,32
BRDA:11,0,1,32
BRF:2
BRH:2
end_of_record
TN:
SF:/Users/gustavogarcia/Desktop/projetos/Udacity-MyReads/src/helpers/If.js
FN:1,(anonymous_0)
FNF:1
FNH:1
FNDA:128,(anonymous_0)
DA:1,128
LF:1
LH:1
BRDA:1,0,0,19
BRDA:1,0,1,109
BRF:2
BRH:2
end_of_record
