TN:
SF:/Users/gustavogarcia/Desktop/projetos/Udacity-MyReads/src/App.js
FN:15,(anonymous_0)
FN:16,(anonymous_1)
FN:21,(anonymous_2)
FN:24,(anonymous_3)
FN:33,(anonymous_4)
FN:36,(anonymous_5)
FN:41,(anonymous_6)
FN:45,(anonymous_7)
FN:50,(anonymous_8)
FN:53,(anonymous_9)
FNF:10
FNH:4
FNDA:5,(anonymous_0)
FNDA:5,(anonymous_1)
FNDA:0,(anonymous_2)
FNDA:0,(anonymous_3)
FNDA:0,(anonymous_4)
FNDA:0,(anonymous_5)
FNDA:0,(anonymous_6)
FNDA:9,(anonymous_7)
FNDA:7,(anonymous_8)
FNDA:0,(anonymous_9)
DA:16,5
DA:17,5
DA:22,0
DA:23,0
DA:24,0
DA:28,0
DA:29,0
DA:34,0
DA:35,0
DA:37,0
DA:42,0
DA:46,9
DA:47,9
DA:48,9
DA:51,7
DA:54,0
LF:16
LH:6
BRDA:35,0,0,0
BRDA:35,0,1,0
BRDA:37,1,0,0
BRDA:37,1,1,0
BRF:4
BRH:0
end_of_record
TN:
SF:/Users/gustavogarcia/Desktop/projetos/Udacity-MyReads/src/setupTests.js
FN:6,(anonymous_0)
FN:7,(anonymous_1)
FN:10,(anonymous_2)
FNF:3
FNH:3
FNDA:5,(anonymous_0)
FNDA:5,(anonymous_1)
FNDA:5,(anonymous_2)
DA:4,6
DA:6,6
DA:7,5
DA:8,5
DA:11,5
DA:20,5
DA:23,6
LF:7
LH:7
BRF:0
BRH:0
end_of_record
TN:
SF:/Users/gustavogarcia/Desktop/projetos/Udacity-MyReads/src/components/BookItem.js
FN:5,(anonymous_0)
FN:22,(anonymous_1)
FNF:2
FNH:2
FNDA:29,(anonymous_0)
FNDA:1,(anonymous_1)
DA:5,5
DA:6,29
DA:7,29
DA:11,29
DA:22,1
DA:38,5
LF:6
LH:6
BRDA:8,0,0,27
BRDA:8,0,1,2
BRDA:22,1,0,17
BRDA:22,1,1,12
BRF:4
BRH:4
end_of_record
TN:
SF:/Users/gustavogarcia/Desktop/projetos/Udacity-MyReads/src/components/BooksList.js
FN:7,(anonymous_0)
FN:21,(anonymous_1)
FNF:2
FNH:2
FNDA:9,(anonymous_0)
FNDA:27,(anonymous_1)
DA:7,2
DA:8,9
DA:14,9
DA:22,27
DA:33,2
LF:5
LH:5
BRF:0
BRH:0
end_of_record
TN:
SF:/Users/gustavogarcia/Desktop/projetos/Udacity-MyReads/src/components/BooksSearch.js
FN:7,(anonymous_0)
FN:22,(anonymous_1)
FN:32,(anonymous_2)
FNF:3
FNH:3
FNDA:6,(anonymous_0)
FNDA:1,(anonymous_1)
FNDA:18,(anonymous_2)
DA:7,2
DA:9,6
DA:10,18
DA:11,18
DA:12,6
DA:17,6
DA:22,1
DA:33,18
DA:43,2
LF:9
LH:9
BRDA:11,0,0,6
BRDA:11,0,1,12
BRF:2
BRH:2
end_of_record
TN:
SF:/Users/gustavogarcia/Desktop/projetos/Udacity-MyReads/src/components/BooksShelf.js
FN:6,(anonymous_0)
FN:11,(anonymous_1)
FNF:2
FNH:2
FNDA:26,(anonymous_0)
FNDA:48,(anonymous_1)
DA:6,3
DA:7,26
DA:12,48
DA:21,3
LF:4
LH:4
BRDA:11,0,0,26
BRDA:11,0,1,26
BRF:2
BRH:2
end_of_record
TN:
SF:/Users/gustavogarcia/Desktop/projetos/Udacity-MyReads/src/helpers/If.js
FN:1,(anonymous_0)
FNF:1
FNH:1
FNDA:75,(anonymous_0)
DA:1,75
LF:1
LH:1
BRDA:1,0,0,14
BRDA:1,0,1,61
BRF:2
BRH:2
end_of_record
